2024-06-09 18:58:12; INFO; User Session Manager; 21112; 17252] OnPowerChange Start
2024-06-09 18:58:12; INFO; User Session Manager; 21112; 17252] OnPowerChange End
2024-06-09 18:58:12; INFO; User Session Manager; 21112; 17252] OnDeviceChange Start
2024-06-09 18:58:12; INFO; User Session Manager; 21112; 17252] OnDeviceChange End
2024-06-09 18:58:12; ERROR; DenoiseAI Pluing; 21112; 12768] OnDeviceChange Deinit
2024-06-09 18:58:12; INFO; User Session Manager; 21112; 17252] OnDeviceChange Start
2024-06-09 18:58:12; INFO; User Session Manager; 21112; 17252] OnDeviceChange End
2024-06-09 18:58:12; ERROR; DenoiseAI Pluing; 21112; 12768] OnDeviceChange Deinit
2024-06-09 18:58:12; INFO; User Session Manager; 21112; 17252] OnDeviceChange Start
2024-06-09 18:58:12; ERROR; DenoiseAI Pluing; 21112; 12768] OnDeviceChange Deinit
2024-06-09 18:58:12; INFO; User Session Manager; 21112; 17252] OnDeviceChange End
2024-06-09 18:58:12; INFO; User Session Manager; 21112; 17252] OnDeviceChange Start
2024-06-09 18:58:12; ERROR; DenoiseAI Pluing; 21112; 12768] OnDeviceChange Deinit
2024-06-09 18:58:12; INFO; User Session Manager; 21112; 17252] OnDeviceChange End
2024-06-09 18:58:12; INFO; User Session Manager; 21112; 17252] OnDeviceChange Start
2024-06-09 18:58:12; INFO; User Session Manager; 21112; 17252] OnDeviceChange End
2024-06-09 18:58:12; ERROR; DenoiseAI Pluing; 21112; 12768] OnDeviceChange Deinit
2024-06-09 18:58:12; INFO; User Session Manager; 21112; 17252] OnDeviceChange Start
2024-06-09 18:58:12; ERROR; DenoiseAI Pluing; 21112; 12768] OnDeviceChange Deinit
2024-06-09 18:58:12; INFO; User Session Manager; 21112; 17252] OnDeviceChange End
2024-06-09 18:58:12; INFO; User Session Manager; 21112; 17252] OnDeviceChange Start
2024-06-09 18:58:12; INFO; User Session Manager; 21112; 17252] OnDeviceChange End
2024-06-09 18:58:12; ERROR; DenoiseAI Pluing; 21112; 12768] OnDeviceChange Deinit
2024-06-09 18:58:12; INFO; User Session Manager; 21112; 17252] OnDeviceChange Start
2024-06-09 18:58:12; INFO; User Session Manager; 21112; 17252] OnDeviceChange End
2024-06-09 18:58:12; INFO; User Session Manager; 21112; 17252] OnDeviceChange Start
2024-06-09 18:58:12; INFO; User Session Manager; 21112; 17252] OnDeviceChange End
2024-06-09 18:58:12; INFO; User Session Manager; 21112; 17252] OnDeviceChange Start
2024-06-09 18:58:12; INFO; User Session Manager; 21112; 17252] OnDeviceChange End
2024-06-09 18:58:12; ERROR; DenoiseAI Pluing; 21112; 12768] OnDeviceChange Deinit
2024-06-09 18:58:12; INFO; User Session Manager; 21112; 17252] OnDeviceChange Start
2024-06-09 18:58:12; INFO; User Session Manager; 21112; 17252] OnDeviceChange End
2024-06-09 18:58:12; INFO; User Session Manager; 21112; 17252] OnDeviceChange Start
2024-06-09 18:58:12; INFO; User Session Manager; 21112; 17252] OnDeviceChange End
2024-06-09 18:58:12; INFO; User Session Manager; 21112; 17252] OnDeviceChange Start
2024-06-09 18:58:12; INFO; User Session Manager; 21112; 17252] OnDeviceChange End
2024-06-09 18:58:12; INFO; User Session Manager; 21112; 17252] OnDeviceChange Start
2024-06-09 18:58:12; INFO; User Session Manager; 21112; 17252] OnDeviceChange End
2024-06-09 18:58:12; INFO; User Session Manager; 21112; 17252] OnPowerChange Start
2024-06-09 18:58:12; INFO; User Session Manager; 21112; 17252] OnPowerChange End
2024-06-09 18:58:44; INFO; Aura Pluing; 21112; 19724] [AuraListener] DataCollection24hr Trigger data collection !!
2024-06-09 18:58:44; INFO; Aura Pluing; 21112; 19724] Start InsertData to UserBehavior.
2024-06-09 18:58:44; INFO; Aura Pluing; 21112; 19724] CallLibrary Start
2024-06-09 18:58:44; INFO; Aura Pluing; 21112; 19724] CallLibrary End
2024-06-09 18:58:44; INFO; Aura Pluing; 21112; 19724] CallLibrary Start
2024-06-09 18:58:44; INFO; Aura Pluing; 21112; 19724] CallLibrary End
2024-06-09 18:58:44; ERROR; Aura Pluing; 21112; 19724] End InsertData to AuraPlugin, result:0x80004005.
2024-06-09 21:39:36; INFO; User Session Manager; 21112; 17252] OnRegisteredWindowMessage Start
2024-06-09 21:39:36; INFO; User Session Manager; 21112; 17252] OnRegisteredWindowMessage End
2024-06-09 21:39:37; INFO; AC_FDSPlugIn; 21112; 16700] CallLibrary Start
2024-06-09 21:39:37; INFO; ScenarioProfilePlugIn; 21112; 16700] ProcessRequest : DoForegroundEvent
2024-06-09 21:39:37; INFO; ScenarioProfilePlugIn; 21112; 16700] (DoForegroundEvent) PID=4708, Path="B9ECED6F.ASUSPCAssistant_qmba6cd70vzyy!App", AppType=UWP
2024-06-09 21:39:37; INFO; ScenarioProfilePlugIn; 21112; 16700] (MonitorHandler) CurrentProfile is ""
2024-06-09 21:39:37; INFO; ScenarioProfilePlugIn; 21112; 16700] (MonitorHandler) No linked profile
2024-06-09 21:39:37; INFO; ScenarioProfilePlugIn; 21112; 16700] (MonitorHandler) CurrentPID : 0, not existed
2024-06-09 21:39:37; INFO; ScenarioProfilePlugIn; 21112; 16700] Finish DoForegroundEvent()
2024-06-09 21:39:37; INFO; AC_FDSPlugIn; 21112; 16700] CallLibrary End
2024-06-09 21:39:37; INFO; AC_FDSPlugIn; 21112; 12336] CallLibrary Start
2024-06-09 21:39:37; INFO; AC_FDSPlugIn; 21112; 12336] CallLibrary End
2024-06-09 21:39:42; INFO; User Session Manager; 21112; 17252] OnDeviceChange Start
2024-06-09 21:39:42; INFO; User Session Manager; 21112; 17252] OnDeviceChange End
2024-06-09 21:39:42; INFO; User Session Manager; 21112; 17252] OnDeviceChange Start
2024-06-09 21:39:42; INFO; User Session Manager; 21112; 17252] OnDeviceChange End
2024-06-09 21:40:27; INFO; User Session Manager; 21112; 17252] OnDeviceChange Start
2024-06-09 21:40:27; INFO; User Session Manager; 21112; 17252] OnDeviceChange End
2024-06-09 21:40:47; INFO; User Session Manager; 21112; 17252] OnDeviceChange Start
2024-06-09 21:40:47; INFO; User Session Manager; 21112; 17252] OnDeviceChange End
2024-06-09 21:40:47; INFO; User Session Manager; 21112; 17252] OnDeviceChange Start
2024-06-09 21:40:47; INFO; User Session Manager; 21112; 17252] OnDeviceChange End
